This is pdfTeX, Version 3.14159265-2.6-1.40.15 (TeX Live 2014) (preloaded format=latex 2014.5.25)  4 MAY 2015 15:46
entering extended mode
 restricted \write18 enabled.
 Source specials enabled.
 %&-line parsing enabled.
**DraftIEEE.tex
(./DraftIEEE.tex
LaTeX2e <2014/05/01>
Babel <3.9k> and hyphenation patterns for 78 languages loaded.
(./IEEEtran.cls
Document Class: IEEEtran 2007/03/05 V1.7a by Michael Shell
-- See the "IEEEtran_HOWTO" manual for usage information.
-- http://www.michaelshell.org/tex/ieeetran/
\@IEEEtrantmpdimenA=\dimen102
\@IEEEtrantmpdimenB=\dimen103
\@IEEEtrantmpcountA=\count79
\@IEEEtrantmpcountB=\count80
\@IEEEtrantmptoksA=\toks14
LaTeX Font Info:    Try loading font information for OT1+ptm on input line 373.

(/usr/local/texlive/2014/texmf-dist/tex/latex/psnfss/ot1ptm.fd
File: ot1ptm.fd 2001/06/04 font definitions for OT1/ptm.
)
-- Using 8.5in x 11in (letter) paper.
-- Using DVI output.
\@IEEEnormalsizeunitybaselineskip=\dimen104
-- This is a 10 point document.
\CLASSINFOnormalsizebaselineskip=\dimen105
\CLASSINFOnormalsizeunitybaselineskip=\dimen106
\IEEEnormaljot=\dimen107
LaTeX Font Info:    Font shape `OT1/ptm/bx/n' in size <5> not available
(Font)              Font shape `OT1/ptm/b/n' tried instead on input line 731.
LaTeX Font Info:    Font shape `OT1/ptm/bx/it' in size <5> not available
(Font)              Font shape `OT1/ptm/b/it' tried instead on input line 731.
LaTeX Font Info:    Font shape `OT1/ptm/bx/n' in size <7> not available
(Font)              Font shape `OT1/ptm/b/n' tried instead on input line 731.
LaTeX Font Info:    Font shape `OT1/ptm/bx/it' in size <7> not available
(Font)              Font shape `OT1/ptm/b/it' tried instead on input line 731.
LaTeX Font Info:    Font shape `OT1/ptm/bx/n' in size <8> not available
(Font)              Font shape `OT1/ptm/b/n' tried instead on input line 731.
LaTeX Font Info:    Font shape `OT1/ptm/bx/it' in size <8> not available
(Font)              Font shape `OT1/ptm/b/it' tried instead on input line 731.
LaTeX Font Info:    Font shape `OT1/ptm/bx/n' in size <9> not available
(Font)              Font shape `OT1/ptm/b/n' tried instead on input line 731.
LaTeX Font Info:    Font shape `OT1/ptm/bx/it' in size <9> not available
(Font)              Font shape `OT1/ptm/b/it' tried instead on input line 731.
LaTeX Font Info:    Font shape `OT1/ptm/bx/n' in size <10> not available
(Font)              Font shape `OT1/ptm/b/n' tried instead on input line 731.
LaTeX Font Info:    Font shape `OT1/ptm/bx/it' in size <10> not available
(Font)              Font shape `OT1/ptm/b/it' tried instead on input line 731.
LaTeX Font Info:    Font shape `OT1/ptm/bx/n' in size <11> not available
(Font)              Font shape `OT1/ptm/b/n' tried instead on input line 731.
LaTeX Font Info:    Font shape `OT1/ptm/bx/it' in size <11> not available
(Font)              Font shape `OT1/ptm/b/it' tried instead on input line 731.
LaTeX Font Info:    Font shape `OT1/ptm/bx/n' in size <12> not available
(Font)              Font shape `OT1/ptm/b/n' tried instead on input line 731.
LaTeX Font Info:    Font shape `OT1/ptm/bx/it' in size <12> not available
(Font)              Font shape `OT1/ptm/b/it' tried instead on input line 731.
LaTeX Font Info:    Font shape `OT1/ptm/bx/n' in size <17> not available
(Font)              Font shape `OT1/ptm/b/n' tried instead on input line 731.
LaTeX Font Info:    Font shape `OT1/ptm/bx/it' in size <17> not available
(Font)              Font shape `OT1/ptm/b/it' tried instead on input line 731.
LaTeX Font Info:    Font shape `OT1/ptm/bx/n' in size <20> not available
(Font)              Font shape `OT1/ptm/b/n' tried instead on input line 731.
LaTeX Font Info:    Font shape `OT1/ptm/bx/it' in size <20> not available
(Font)              Font shape `OT1/ptm/b/it' tried instead on input line 731.
LaTeX Font Info:    Font shape `OT1/ptm/bx/n' in size <24> not available
(Font)              Font shape `OT1/ptm/b/n' tried instead on input line 731.
LaTeX Font Info:    Font shape `OT1/ptm/bx/it' in size <24> not available
(Font)              Font shape `OT1/ptm/b/it' tried instead on input line 731.
\IEEEilabelindentA=\dimen108
\IEEEilabelindentB=\dimen109
\IEEEilabelindent=\dimen110
\IEEEelabelindent=\dimen111
\IEEEdlabelindent=\dimen112
\IEEElabelindent=\dimen113
\IEEEiednormlabelsep=\dimen114
\IEEEiedmathlabelsep=\dimen115
\IEEEiedtopsep=\skip41
\c@section=\count81
\c@subsection=\count82
\c@subsubsection=\count83
\c@paragraph=\count84
\c@IEEEsubequation=\count85
\abovecaptionskip=\skip42
\belowcaptionskip=\skip43
\c@figure=\count86
\c@table=\count87
\@IEEEeqnnumcols=\count88
\@IEEEeqncolcnt=\count89
\@IEEEtmpitemindent=\dimen116
\c@IEEEbiography=\count90
\@IEEEtranrubishbin=\box26
) (/usr/local/texlive/2014/texmf-dist/tex/latex/amsmath/amsmath.sty
Package: amsmath 2013/01/14 v2.14 AMS math features
\@mathmargin=\skip44

For additional information on amsmath, use the `?' option.
(/usr/local/texlive/2014/texmf-dist/tex/latex/amsmath/amstext.sty
Package: amstext 2000/06/29 v2.01

(/usr/local/texlive/2014/texmf-dist/tex/latex/amsmath/amsgen.sty
File: amsgen.sty 1999/11/30 v2.0
\@emptytoks=\toks15
\ex@=\dimen117
))
(/usr/local/texlive/2014/texmf-dist/tex/latex/amsmath/amsbsy.sty
Package: amsbsy 1999/11/29 v1.2d
\pmbraise@=\dimen118
)
(/usr/local/texlive/2014/texmf-dist/tex/latex/amsmath/amsopn.sty
Package: amsopn 1999/12/14 v2.01 operator names
)
\inf@bad=\count91
LaTeX Info: Redefining \frac on input line 210.
\uproot@=\count92
\leftroot@=\count93
LaTeX Info: Redefining \overline on input line 306.
\classnum@=\count94
\DOTSCASE@=\count95
LaTeX Info: Redefining \ldots on input line 378.
LaTeX Info: Redefining \dots on input line 381.
LaTeX Info: Redefining \cdots on input line 466.
\Mathstrutbox@=\box27
\strutbox@=\box28
\big@size=\dimen119
LaTeX Font Info:    Redeclaring font encoding OML on input line 566.
LaTeX Font Info:    Redeclaring font encoding OMS on input line 567.
\macc@depth=\count96
\c@MaxMatrixCols=\count97
\dotsspace@=\muskip10
\c@parentequation=\count98
\dspbrk@lvl=\count99
\tag@help=\toks16
\row@=\count100
\column@=\count101
\maxfields@=\count102
\andhelp@=\toks17
\eqnshift@=\dimen120
\alignsep@=\dimen121
\tagshift@=\dimen122
\tagwidth@=\dimen123
\totwidth@=\dimen124
\lineht@=\dimen125
\@envbody=\toks18
\multlinegap=\skip45
\multlinetaggap=\skip46
\mathdisplay@stack=\toks19
LaTeX Info: Redefining \[ on input line 2665.
LaTeX Info: Redefining \] on input line 2666.
)
(/usr/local/texlive/2014/texmf-dist/tex/latex/url/url.sty
\Urlmuskip=\muskip11
Package: url 2013/09/16  ver 3.4  Verb mode for urls, etc.
)
(/usr/local/texlive/2014/texmf-dist/tex/latex/graphics/graphicx.sty
Package: graphicx 2014/04/25 v1.0g Enhanced LaTeX Graphics (DPC,SPQR)

(/usr/local/texlive/2014/texmf-dist/tex/latex/graphics/keyval.sty
Package: keyval 2014/05/08 v1.15 key=value parser (DPC)
\KV@toks@=\toks20
)
(/usr/local/texlive/2014/texmf-dist/tex/latex/graphics/graphics.sty
Package: graphics 2009/02/05 v1.0o Standard LaTeX Graphics (DPC,SPQR)

(/usr/local/texlive/2014/texmf-dist/tex/latex/graphics/trig.sty
Package: trig 1999/03/16 v1.09 sin cos tan (DPC)
)
(/usr/local/texlive/2014/texmf-dist/tex/latex/latexconfig/graphics.cfg
File: graphics.cfg 2010/04/23 v1.9 graphics configuration of TeX Live
)
Package graphics Info: Driver file: dvips.def on input line 91.

(/usr/local/texlive/2014/texmf-dist/tex/latex/graphics/dvips.def
File: dvips.def 2014/04/23 v3.0j Driver-dependant file (DPC,SPQR)
))
\Gin@req@height=\dimen126
\Gin@req@width=\dimen127
)
(/usr/local/texlive/2014/texmf-dist/tex/latex/base/alltt.sty
Package: alltt 1997/06/16 v2.0g defines alltt environment
) (./algorithm.sty
Package: algorithm 

Document Style `algorithm' - floating environment
(/usr/local/texlive/2014/texmf-dist/tex/latex/float/float.sty
Package: float 2001/11/08 v1.3d Float enhancements (AL)
\c@float@type=\count103
\float@exts=\toks21
\float@box=\box29
\@float@everytoks=\toks22
\@floatcapt=\box30
)
(/usr/local/texlive/2014/texmf-dist/tex/latex/base/ifthen.sty
Package: ifthen 2001/05/26 v1.1c Standard LaTeX ifthen package (DPC)
)
\@float@every@algorithm=\toks23
\c@algorithm=\count104
)
(./algorithmic.sty
Package: algorithmic 2006/06/02

Document Style `algorithmic' - environment
(/usr/local/texlive/2014/texmf-dist/tex/latex/tools/calc.sty
Package: calc 2007/08/22 v4.3 Infix arithmetic (KKT,FJ)
\calc@Acount=\count105
\calc@Bcount=\count106
\calc@Adimen=\dimen128
\calc@Bdimen=\dimen129
\calc@Askip=\skip47
\calc@Bskip=\skip48
LaTeX Info: Redefining \setlength on input line 75.
LaTeX Info: Redefining \addtolength on input line 76.
\calc@Ccount=\count107
\calc@Cskip=\skip49
)
\c@ALC@line=\count108
\c@ALC@rem=\count109
\c@ALC@depth=\count110
\ALC@tlm=\skip50
\algorithmicindent=\skip51
)
(/usr/local/texlive/2014/texmf-dist/tex/latex/cite/cite.sty
LaTeX Info: Redefining \cite on input line 302.
LaTeX Info: Redefining \nocite on input line 373.
Package: cite 2010/09/10  v 5.3
)
(/usr/local/texlive/2014/texmf-dist/tex/latex/sttools/flushend.sty
Package: flushend 2014/04/24 v2.2 Balancing columns in twocolumn mode
\flushend@@lastskip@a=\skip52
\flushend@@lastskip@b=\skip53
\flushend@@lastskip@c=\skip54
\flushend@@penalty@a=\count111
\flushend@@lastkern@a=\dimen130
\var@@temp@spread=\dimen131
\var@@temp@a=\dimen132
\flushend@@page@rule=\dimen133
\flushend@@varbox@a=\box31
\flushend@@varbox@c=\box32
\flushend@@tempbox@a=\box33
\flushend@@tempbox@c=\box34
\@viper=\box35
\hold@viper=\box36
\atColsBreak=\toks24
\atColsEnd=\toks25

(/usr/local/texlive/2014/texmf-dist/tex/latex/etoolbox/etoolbox.sty
Package: etoolbox 2011/01/03 v2.1 e-TeX tools for LaTeX

(/usr/local/texlive/2014/texmf-dist/tex/latex/etex-pkg/etex.sty
Package: etex 1998/03/26 v2.0 eTeX basic definition package (PEB)
\et@xins=\count112
)
\etb@tempcnta=\count113
))
(./macros.tex (/usr/local/texlive/2014/texmf-dist/tex/latex/psnfss/times.sty
Package: times 2005/04/12 PSNFSS-v9.2a (SPQR) 
)
(/usr/local/texlive/2014/texmf-dist/tex/generic/epsf/epsf.sty
This is `epsf.tex' v2.7.4 <14 February 2011>
\epsffilein=\read1
\epsfframemargin=\dimen134
\epsfframethickness=\dimen135
\epsfrsize=\dimen136
\epsftmp=\dimen137
\epsftsize=\dimen138
\epsfxsize=\dimen139
\epsfysize=\dimen140
\pspoints=\dimen141
) (/usr/local/texlive/2014/texmf-dist/tex/latex/tools/verbatim.sty
Package: verbatim 2003/08/22 v1.5q LaTeX2e package for verbatim enhancements
\every@verbatim=\toks26
\verbatim@line=\toks27
\verbatim@in@stream=\read2
)
(./psfig.sty
\@unused=\write3
\ps@stream=\read3
\p@intvaluex=\dimen142
\p@intvaluey=\dimen143
) (/usr/local/texlive/2014/texmf-dist/tex/latex/graphics/color.sty
Package: color 2014/04/23 v1.1a Standard LaTeX Color (DPC)

(/usr/local/texlive/2014/texmf-dist/tex/latex/latexconfig/color.cfg
File: color.cfg 2007/01/18 v1.5 color configuration of teTeX/TeXLive
)
Package color Info: Driver file: dvips.def on input line 137.

(/usr/local/texlive/2014/texmf-dist/tex/latex/graphics/dvipsnam.def
File: dvipsnam.def 2014/04/23 v3.0j Driver-dependant file (DPC,SPQR)
))
(/usr/local/texlive/2014/texmf-dist/tex/latex/xcolor/xcolor.sty
Package: xcolor 2007/01/21 v2.11 LaTeX color extensions (UK)

(/usr/local/texlive/2014/texmf-dist/tex/latex/latexconfig/color.cfg
File: color.cfg 2007/01/18 v1.5 color configuration of teTeX/TeXLive
)
Package xcolor Info: Driver file: dvips.def on input line 225.

(/usr/local/texlive/2014/texmf-dist/tex/latex/colortbl/colortbl.sty
Package: colortbl 2012/02/13 v1.0a Color table columns (DPC)

(/usr/local/texlive/2014/texmf-dist/tex/latex/tools/array.sty
Package: array 2008/09/09 v2.4c Tabular extension package (FMi)
\col@sep=\dimen144
\extrarowheight=\dimen145
\NC@list=\toks28
\extratabsurround=\skip55
\backup@length=\skip56
)
\everycr=\toks29
\minrowclearance=\skip57
)
LaTeX Info: Redefining \color on input line 702.
\rownum=\count114
Package xcolor Info: Model `cmy' substituted by `cmy0' on input line 1337.
Package xcolor Info: Model `RGB' extended on input line 1353.
Package xcolor Info: Model `HTML' substituted by `rgb' on input line 1355.
Package xcolor Info: Model `Hsb' substituted by `hsb' on input line 1356.
Package xcolor Info: Model `tHsb' substituted by `hsb' on input line 1357.
Package xcolor Info: Model `HSB' substituted by `hsb' on input line 1358.
Package xcolor Info: Model `Gray' substituted by `gray' on input line 1359.
Package xcolor Info: Model `wave' substituted by `hsb' on input line 1360.
)
(/usr/local/texlive/2014/texmf-dist/tex/latex/booktabs/booktabs.sty
Package: booktabs 2005/04/14 v1.61803 publication quality tables
\heavyrulewidth=\dimen146
\lightrulewidth=\dimen147
\cmidrulewidth=\dimen148
\belowrulesep=\dimen149
\belowbottomsep=\dimen150
\aboverulesep=\dimen151
\abovetopsep=\dimen152
\cmidrulesep=\dimen153
\cmidrulekern=\dimen154
\defaultaddspace=\dimen155
\@cmidla=\count115
\@cmidlb=\count116
\@aboverulesep=\dimen156
\@belowrulesep=\dimen157
\@thisruleclass=\count117
\@lastruleclass=\count118
\@thisrulewidth=\dimen158
)
(/usr/local/texlive/2014/texmf-dist/tex/latex/tools/dcolumn.sty
Package: dcolumn 2001/05/28 v1.06 decimal alignment package (DPC)
)
(/usr/local/texlive/2014/texmf-dist/tex/latex/tools/longtable.sty
Package: longtable 2004/02/01 v4.11 Multi-page Table package (DPC)
\LTleft=\skip58
\LTright=\skip59
\LTpre=\skip60
\LTpost=\skip61
\LTchunksize=\count119
\LTcapwidth=\dimen159
\LT@head=\box37
\LT@firsthead=\box38
\LT@foot=\box39
\LT@lastfoot=\box40
\LT@cols=\count120
\LT@rows=\count121
\c@LT@tables=\count122
\c@LT@chunks=\count123
\LT@p@ftn=\toks30
)
(/usr/local/texlive/2014/texmf-dist/tex/latex/graphics/lscape.sty
Package: lscape 2000/10/22 v3.01 Landscape Pages (DPC)
)
(./slashbox.sty
slashbox style by K.Yasuoka, May 1993.
\@slashboxa=\box41
\@slashboxb=\box42
\@slashboxc=\box43
\@slashboxwd=\count124
\@slashboxht=\count125
\@slashsepl=\dimen160
\@slashsepr=\dimen161
) (/usr/local/texlive/2014/texmf-dist/tex/latex/multirow/multirow.sty
\bigstrutjot=\dimen162
)
(/usr/local/texlive/2014/texmf-dist/tex/latex/jknapltx/mathrsfs.sty
Package: mathrsfs 1996/01/01 Math RSFS package v1.0 (jk)
\symrsfs=\mathgroup4
))
No file DraftIEEE.aux.
\openout1 = `DraftIEEE.aux'.

LaTeX Font Info:    Checking defaults for OML/cmm/m/it on input line 371.
LaTeX Font Info:    ... okay on input line 371.
LaTeX Font Info:    Checking defaults for T1/cmr/m/n on input line 371.
LaTeX Font Info:    ... okay on input line 371.
LaTeX Font Info:    Checking defaults for OT1/cmr/m/n on input line 371.
LaTeX Font Info:    ... okay on input line 371.
LaTeX Font Info:    Checking defaults for OMS/cmsy/m/n on input line 371.
LaTeX Font Info:    ... okay on input line 371.
LaTeX Font Info:    Checking defaults for OMX/cmex/m/n on input line 371.
LaTeX Font Info:    ... okay on input line 371.
LaTeX Font Info:    Checking defaults for U/cmr/m/n on input line 371.
LaTeX Font Info:    ... okay on input line 371.
! Undefined control sequence.
\@title ->{\ttlit 
                  ICON}: {\ttlit I}nferring Temporal {\ttlit Con}straints fr...
l.412 \maketitle
                
The control sequence at the end of the top line
of your error message was never \def'ed. If you have
misspelled it (e.g., `\hobx'), type `I' and the correct
spelling (e.g., `I\hbox'). Otherwise just continue,
and I'll forget about whatever was undefined.

! Undefined control sequence.
\@title ->{\ttlit ICON}: {\ttlit 
                                 I}nferring Temporal {\ttlit Con}straints fr...
l.412 \maketitle
                
The control sequence at the end of the top line
of your error message was never \def'ed. If you have
misspelled it (e.g., `\hobx'), type `I' and the correct
spelling (e.g., `I\hbox'). Otherwise just continue,
and I'll forget about whatever was undefined.

! Undefined control sequence.
\@title ...}: {\ttlit I}nferring Temporal {\ttlit 
                                                  Con}straints from Natural ...
l.412 \maketitle
                
The control sequence at the end of the top line
of your error message was never \def'ed. If you have
misspelled it (e.g., `\hobx'), type `I' and the correct
spelling (e.g., `I\hbox'). Otherwise just continue,
and I'll forget about whatever was undefined.

LaTeX Font Info:    Try loading font information for U+rsfs on input line 412.
(/usr/local/texlive/2014/texmf-dist/tex/latex/jknapltx/ursfs.fd
File: ursfs.fd 1998/03/24 rsfs font definition file (jk)
)
! Undefined control sequence.
\@title ->{\ttlit 
                  ICON}: {\ttlit I}nferring Temporal {\ttlit Con}straints fr...
l.412 \maketitle
                
The control sequence at the end of the top line
of your error message was never \def'ed. If you have
misspelled it (e.g., `\hobx'), type `I' and the correct
spelling (e.g., `I\hbox'). Otherwise just continue,
and I'll forget about whatever was undefined.

! Undefined control sequence.
\@title ->{\ttlit ICON}: {\ttlit 
                                 I}nferring Temporal {\ttlit Con}straints fr...
l.412 \maketitle
                
The control sequence at the end of the top line
of your error message was never \def'ed. If you have
misspelled it (e.g., `\hobx'), type `I' and the correct
spelling (e.g., `I\hbox'). Otherwise just continue,
and I'll forget about whatever was undefined.

! Undefined control sequence.
\@title ...}: {\ttlit I}nferring Temporal {\ttlit 
                                                  Con}straints from Natural ...
l.412 \maketitle
                
The control sequence at the end of the top line
of your error message was never \def'ed. If you have
misspelled it (e.g., `\hobx'), type `I' and the correct
spelling (e.g., `I\hbox'). Otherwise just continue,
and I'll forget about whatever was undefined.

(./abstract.tex
LaTeX Font Info:    Try loading font information for OT1+pcr on input line 17.
 (/usr/local/texlive/2014/texmf-dist/tex/latex/psnfss/ot1pcr.fd
File: ot1pcr.fd 2001/06/04 font definitions for OT1/pcr.
)
LaTeX Font Info:    Font shape `OT1/pcr/bx/n' in size <9> not available
(Font)              Font shape `OT1/pcr/b/n' tried instead on input line 17.
) (./introduction.tex

LaTeX Warning: Citation `lee2012towards' on page 1 undefined on input line 12.


LaTeX Warning: Citation `wu2013inferring' on page 1 undefined on input line 22.



LaTeX Warning: Citation `RubingerWEB10' on page 1 undefined on input line 22.

[1


]

LaTeX Warning: Citation `buse2012synthesizing' on page 2 undefined on input lin
e 55.


LaTeX Warning: Citation `thummalapenta07parseweb' on page 2 undefined on input 
line 55.


LaTeX Warning: Citation `Wang:2013:MSR' on page 2 undefined on input line 55.


LaTeX Warning: Citation `Zhong:2009:MMR' on page 2 undefined on input line 55.


LaTeX Warning: Citation `Klein03' on page 2 undefined on input line 67.


LaTeX Warning: Reference `sec:example' on page 2 undefined on input line 74.


LaTeX Warning: Reference `sec:related' on page 2 undefined on input line 75.


LaTeX Warning: Reference `sec:background' on page 2 undefined on input line 76.



LaTeX Warning: Reference `sec:approach' on page 2 undefined on input line 77.


LaTeX Warning: Reference `sec:evaluation' on page 2 undefined on input line 78.



LaTeX Warning: Reference `sec:discussion' on page 2 undefined on input line 79.



LaTeX Warning: Reference `sec:conclusion' on page 2 undefined on input line 80.


) (./example.tex
File: Stackoverflow.eps Graphic file (type eps)
 <Stackoverflow.eps>
Overfull \hbox (9.0736pt too wide) in paragraph at lines 13--14
 [][] 
 []


Underfull \hbox (badness 10000) in paragraph at lines 18--18
[][][]$\OT1/ptm/m/n/9 http : / / stackover^^Mow . com / questions / 27267 /
 []


LaTeX Warning: Reference `fig:Stackoverflow' on page 2 undefined on input line 
18.

) (./related.tex

LaTeX Warning: Citation `csallner08dysy' on page 2 undefined on input line 14.


LaTeX Warning: Citation `NimmerE02:ISSTA' on page 2 undefined on input line 14.



LaTeX Warning: Citation `Tillmann:2006:DLM:2105385.2105433' on page 2 undefined
 on input line 14.


LaTeX Warning: Citation `Polikarpova2009ISSTA' on page 2 undefined on input lin
e 16.


LaTeX Warning: Citation `Flanagan2001:HAA' on page 2 undefined on input line 16
.

[2]

LaTeX Warning: Citation `Henkel07discoveringdocumentation' on page 3 undefined 
on input line 23.


LaTeX Warning: Citation `Ghezzi:2009:SIB:1555001.1555057' on page 3 undefined o
n input line 23.


LaTeX Warning: Citation `Henkel:2008:DDA:1363102.1363105' on page 3 undefined o
n input line 23.


LaTeX Warning: Citation `Flanagan2001:HAA' on page 3 undefined on input line 23
.


LaTeX Warning: Citation `Buse:2008:ADI:1390630.1390664' on page 3 undefined on 
input line 23.


LaTeX Warning: Citation `Marneffe08COLING' on page 3 undefined on input line 29
.


LaTeX Warning: Citation `KleinNIPS03' on page 3 undefined on input line 29.


LaTeX Warning: Citation `pandita12:inferring' on page 3 undefined on input line
 29.


LaTeX Warning: Citation `pandita13:WHYPER' on page 3 undefined on input line 29
.


LaTeX Warning: Citation `johnSlankasPASSAT13' on page 3 undefined on input line
 29.


LaTeX Warning: Citation `XiaoFSE2012' on page 3 undefined on input line 29.


LaTeX Warning: Citation `thummalapentaICSE12' on page 3 undefined on input line
 29.


LaTeX Warning: Citation `TanSOSP07' on page 3 undefined on input line 30.


LaTeX Warning: Citation `zhong09SE' on page 3 undefined on input line 35.


LaTeX Warning: Citation `XiaoFSE2012' on page 3 undefined on input line 43.


LaTeX Warning: Citation `johnSlankasPASSAT13' on page 3 undefined on input line
 43.


LaTeX Warning: Citation `pandita12:inferring' on page 3 undefined on input line
 47.


LaTeX Warning: Citation `pandita12:inferring' on page 3 undefined on input line
 48.


LaTeX Warning: Citation `Dekel2009' on page 3 undefined on input line 55.


LaTeX Warning: Citation `tan2011acomment' on page 3 undefined on input line 55.



LaTeX Warning: Citation `Dekel2009' on page 3 undefined on input line 56.


LaTeX Warning: Citation `lee2012towards' on page 3 undefined on input line 60.


LaTeX Warning: Citation `Dekel2009' on page 3 undefined on input line 60.

) (./background.tex

LaTeX Warning: Citation `pandita12:inferring' on page 3 undefined on input line
 11.


LaTeX Warning: Citation `pandita13:WHYPER' on page 3 undefined on input line 11
.


LaTeX Warning: Citation `Klein03' on page 3 undefined on input line 19.


LaTeX Warning: Citation `KleinNIPS03' on page 3 undefined on input line 19.


LaTeX Warning: Citation `Marneffe06LREC' on page 3 undefined on input line 23.


LaTeX Warning: Citation `Marneffe08COLING' on page 3 undefined on input line 23
.

[3]

LaTeX Warning: Citation `pandita12:inferring' on page 4 undefined on input line
 34.


Underfull \hbox (badness 10000) in paragraph at lines 40--40
[][][][]$\OT1/ptm/m/n/8 http : / / oxforddictionaries . com / us / de^^Lnition 
/ american[]english / post ? q =
 []


LaTeX Warning: Citation `pandita13:WHYPER' on page 4 undefined on input line 48
.


LaTeX Warning: Citation `pandita12:inferring' on page 4 undefined on input line
 52.


LaTeX Warning: Citation `pandita13:WHYPER' on page 4 undefined on input line 52
.


LaTeX Warning: Citation `pandita13:WHYPER' on page 4 undefined on input line 75
.


LaTeX Warning: Citation `Sinha2009' on page 4 undefined on input line 77.


LaTeX Warning: Citation `Sinha2010' on page 4 undefined on input line 77.


LaTeX Warning: Citation `pandita12:inferring' on page 4 undefined on input line
 77.


LaTeX Warning: Citation `pandita13:WHYPER' on page 4 undefined on input line 78
.


LaTeX Warning: Citation `Marneffe06LREC' on page 4 undefined on input line 79.


LaTeX Warning: Citation `Marneffe08COLING' on page 4 undefined on input line 79
.


LaTeX Warning: Citation `Klein03' on page 4 undefined on input line 79.


LaTeX Warning: Citation `KleinNIPS03' on page 4 undefined on input line 79.

) (./approach.tex
File: approach.eps Graphic file (type eps)
 <approach.eps>

LaTeX Warning: Reference `fig:approachOverview' on page 4 undefined on input li
ne 13.

[4]

LaTeX Warning: Reference `sub:CoreNLPback' on page 5 undefined on input line 45
.


LaTeX Warning: Reference `sub:SENLPback' on page 5 undefined on input line 46.


LaTeX Warning: Citation `Marneffe06LREC' on page 5 undefined on input line 84.


LaTeX Warning: Citation `Marneffe08COLING' on page 5 undefined on input line 84
.


LaTeX Warning: Citation `pandita12:inferring' on page 5 undefined on input line
 84.


LaTeX Warning: Citation `pandita13:WHYPER' on page 5 undefined on input line 84
.


LaTeX Warning: Citation `thummalapentaICSE12' on page 5 undefined on input line
 84.


LaTeX Warning: Reference `sub:CoreNLPback' on page 5 undefined on input line 84
.

File: StanfordAnnotated.eps Graphic file (type eps)
<StanfordAnnotated.eps>

LaTeX Warning: Reference `fig:standep' on page 5 undefined on input line 97.


LaTeX Warning: Citation `SNLP1' on page 5 undefined on input line 98.


LaTeX Warning: Citation `rennie2003tackling' on page 5 undefined on input line 
107.

[5]

LaTeX Warning: Reference `fig:standep' on page 6 undefined on input line 124.


LaTeX Warning: Citation `Klein03' on page 6 undefined on input line 128.


LaTeX Warning: Citation `KleinNIPS03' on page 6 undefined on input line 128.


LaTeX Warning: Citation `Sinha2009' on page 6 undefined on input line 165.


LaTeX Warning: Citation `Sinha2010' on page 6 undefined on input line 165.


LaTeX Warning: Citation `pandita12:inferring' on page 6 undefined on input line
 165.


LaTeX Warning: Citation `pandita13:WHYPER' on page 6 undefined on input line 16
5.


LaTeX Warning: Reference `sub:SENLPback' on page 6 undefined on input line 174.



LaTeX Warning: Citation `Branimir2000' on page 6 undefined on input line 174.


LaTeX Warning: Citation `Marneffe06LREC' on page 6 undefined on input line 175.



LaTeX Warning: Citation `Marneffe08COLING' on page 6 undefined on input line 17
5.


LaTeX Warning: Citation `KleinNIPS03' on page 6 undefined on input line 175.


LaTeX Warning: Citation `pandita12:inferring' on page 6 undefined on input line
 182.


LaTeX Warning: Citation `pandita13:WHYPER' on page 6 undefined on input line 18
2.


LaTeX Warning: Reference `fig:standep' on page 6 undefined on input line 194.


LaTeX Warning: Reference `tab:semanticTemplates' on page 6 undefined on input l
ine 204.


Underfull \hbox (badness 7558) in paragraph at lines 221--221
[]|[]\OT1/ptm/m/n/8 A noun phrase fol-lowed by an-other
 []


LaTeX Warning: Reference `sub:SENLPback' on page 6 undefined on input line 231.



LaTeX Warning: Reference `fig:FOLTree' on page 6 undefined on input line 231.

[6]
LaTeX Font Info:    Font shape `OT1/pcr/bx/n' in size <7> not available
(Font)              Font shape `OT1/pcr/b/n' tried instead on input line 240.


LaTeX Warning: Reference `fig:standep' on page 7 undefined on input line 287.


LaTeX Warning: Reference `fig:knowledge' on page 7 undefined on input line 292.



LaTeX Warning: Reference `sub:ACA' on page 7 undefined on input line 294.


LaTeX Warning: Reference `alg:SenAnnotaator' on page 7 undefined on input line 
295.


LaTeX Warning: Reference `fig:standep' on page 7 undefined on input line 347.

[7]

LaTeX Warning: Reference `fig:standep' on page 8 undefined on input line 351.


LaTeX Warning: Citation `pandita13:WHYPER' on page 8 undefined on input line 36
4.

File: KnowledgeGraph.eps Graphic file (type eps)
<KnowledgeGraph.eps>

LaTeX Warning: Reference `fig:knowledge' on page 8 undefined on input line 378.



LaTeX Warning: Reference `alg:TypeAnalysis' on page 8 undefined on input line 3
86.

) (./evaluation.tex [8]

LaTeX Warning: Citation `amazons3stats' on page 9 undefined on input line 23.


LaTeX Warning: Citation `carletta1996assessing' on page 9 undefined on input li
ne 35.


LaTeX Warning: Citation `carletta1996assessing' on page 9 undefined on input li
ne 38.


LaTeX Warning: Reference `tab:results' on page 9 undefined on input line 42.


LaTeX Warning: Citation `Olson08' on page 9 undefined on input line 60.


LaTeX Warning: Citation `han2006data' on page 9 undefined on input line 80.


LaTeX Warning: Reference `alg:TypeAnalysis' on page 9 undefined on input line 9
1.


LaTeX Warning: Reference `sec:approach' on page 9 undefined on input line 91.

[9]

LaTeX Warning: Reference `alg:TypeAnalysis' on page 10 undefined on input line 
103.


LaTeX Warning: Reference `sec:approach' on page 10 undefined on input line 103.



LaTeX Warning: Reference `tab:resultsRQ1' on page 10 undefined on input line 17
0.


LaTeX Warning: Citation `mallet' on page 10 undefined on input line 176.


LaTeX Warning: Reference `tab:results' on page 10 undefined on input line 222.

[10]) (./discussion.tex

LaTeX Warning: Citation `tcomment' on page 11 undefined on input line 6.


LaTeX Warning: Citation `Cindy10:PASTE' on page 11 undefined on input line 6.

LaTeX Font Info:    Font shape `OT1/pcr/m/it' in size <9> not available
(Font)              Font shape `OT1/pcr/m/sl' tried instead on input line 9.

LaTeX Warning: Citation `swordnet' on page 11 undefined on input line 11.

) (./conclusion.tex) [11]
No file DraftIEEE.bbl.

** Conference Paper **
Before submitting the final camera ready copy, remember to:

 1. Manually equalize the lengths of two columns on the last page
 of your paper;

 2. Ensure that any PostScript and/or PDF output post-processing
 uses only Type 1 fonts and that every step in the generation
 process uses the appropriate paper size.

- LAST -
Extra skip:3.14996pt
Left:111.14996pt/2.16492pt
Right:108.0pt/2.16492pt
Output:111.14996pt
[12] (./DraftIEEE.aux)

LaTeX Warning: There were undefined references.


LaTeX Warning: Label(s) may have changed. Rerun to get cross-references right.

 ) 
Here is how much of TeX's memory you used:
 4249 strings out of 493118
 57643 string characters out of 6135459
 143143 words of memory out of 5000000
 7610 multiletter control sequences out of 15000+600000
 33127 words of font info for 83 fonts, out of 8000000 for 9000
 1141 hyphenation exceptions out of 8191
 43i,15n,35p,898b,722s stack positions out of 5000i,500n,10000p,200000b,80000s

Output written on DraftIEEE.dvi (12 pages, 104940 bytes).
